<?xml version="1.0" encoding="UTF-8"?>
<!-- Generated by org.testng.reporters.JUnitReportReporter -->
<testsuite hostname="DESKTOP-4EHNAOM" failures="0" tests="1" name="Test.LoginTest" time="8.877" errors="0" timestamp="2023-12-20T12:57:39 IST" skipped="0">
  <testcase classname="Test.LoginTest" name="loginTest" time="8.877"/>
</testsuite> <!-- Test.LoginTest -->
