<?xml version="1.0" encoding="UTF-8"?>
<!-- Generated by org.testng.reporters.JUnitReportReporter -->
<testsuite hostname="DESKTOP-4EHNAOM" failures="0" tests="1" name="Test.homeTest" time="5.448" errors="0" timestamp="2023-12-21T15:19:05 IST" skipped="0">
  <testcase classname="Test.homeTest" name="loginTest" time="5.448"/>
</testsuite> <!-- Test.homeTest -->
